<?xml version="1.0" encoding="UTF-8"?>
<!-- Generated by org.testng.reporters.JUnitReportReporter -->
<testsuite hostname="LAPTOP-0TPP3JPD" failures="0" tests="3" name="FrameWork_TestCase.Test_EVOCOUKDonation_PageObject" time="17.709" errors="0" timestamp="2021-12-19T21:52:27 GMT" skipped="1">
  <testcase classname="FrameWork_TestCase.Test_EVOCOUKDonation_PageObject" name="EVOCOUK_PO_PF_TestPage_ValidateTitle" time="5.395"/>
  <system-out/>
  <testcase classname="FrameWork_TestCase.Test_EVOCOUKDonation_PageObject" name="EVOCOUK_PO_PF_InputandSubmitDetails" time="12.314"/>
  <system-out/>
  <testcase classname="FrameWork_TestCase.Test_EVOCOUKDonation_PageObject" name="CRUK_PO_PF_Donation_Someoneelsemoney">
    <skipped/>
  </testcase> <!-- CRUK_PO_PF_Donation_Someoneelsemoney -->
  <system-out/>
</testsuite> <!-- FrameWork_TestCase.Test_EVOCOUKDonation_PageObject -->
