<?xml version="1.0" encoding="UTF-8"?>
<!-- Generated by org.testng.reporters.JUnitReportReporter -->
<testsuite hostname="LAPTOP-0TPP3JPD" failures="0" tests="3" name="FrameWork_TestCase.Test_EVOCOUK_GOVUK_PageObject" time="28.689" errors="0" timestamp="2021-12-19T23:25:30 GMT" skipped="0">
  <testcase classname="FrameWork_TestCase.Test_EVOCOUK_GOVUK_PageObject" name="EVOCOUK_PO_PF_TestPage_ValidateTitle" time="6.230"/>
  <system-out/>
  <testcase classname="FrameWork_TestCase.Test_EVOCOUK_GOVUK_PageObject" name="EVOCOUK_PO_PF_InputandSubmitDetails" time="11.228"/>
  <system-out/>
  <testcase classname="FrameWork_TestCase.Test_EVOCOUK_GOVUK_PageObject" name="CRUK_PO_PF_Donation_Someoneelsemoney" time="11.231"/>
  <system-out/>
</testsuite> <!-- FrameWork_TestCase.Test_EVOCOUK_GOVUK_PageObject -->
